Using pre-set license
Built from '2021.2/staging' branch; Version is '2021.2.8f1 (d0e5f0a7b06a) revision 13690352'; Using compiler version '192829333'; Build Type 'Release'
OS: 'Windows 10  (10.0.19043) 64bit Professional' Language: 'en' Physical Memory: 16330 MB
BatchMode: 1, IsHumanControllingUs: 0, StartBugReporterOnCrash: 0, Is64bit: 1, IsPro: 0

COMMAND LINE ARGUMENTS:
C:\Program Files\Unity\Hub\Editor\2021.2.8f1\Editor\Unity.exe
-adb2
-batchMode
-noUpm
-name
AssetImportWorker0
-projectPath
C:/Users/alecs/OneDrive/Desktop/Stealth Game Prototype
-logFile
Logs/AssetImportWorker0.log
-srvPort
53074
Successfully changed project path to: C:/Users/alecs/OneDrive/Desktop/Stealth Game Prototype
C:/Users/alecs/OneDrive/Desktop/Stealth Game Prototype
[UnityMemory] Configuration Parameters - Can be set up in boot.config
    "memorysetup-bucket-allocator-granularity=16"
    "memorysetup-bucket-allocator-bucket-count=8"
    "memorysetup-bucket-allocator-block-size=33554432"
    "memorysetup-bucket-allocator-block-count=8"
    "memorysetup-main-allocator-block-size=16777216"
    "memorysetup-thread-allocator-block-size=16777216"
    "memorysetup-gfx-main-allocator-block-size=16777216"
    "memorysetup-gfx-thread-allocator-block-size=16777216"
    "memorysetup-cache-allocator-block-size=4194304"
    "memorysetup-typetree-allocator-block-size=2097152"
    "memorysetup-profiler-bucket-allocator-granularity=16"
    "memorysetup-profiler-bucket-allocator-bucket-count=8"
    "memorysetup-profiler-bucket-allocator-block-size=33554432"
    "memorysetup-profiler-bucket-allocator-block-count=8"
    "memorysetup-profiler-allocator-block-size=16777216"
    "memorysetup-profiler-editor-allocator-block-size=1048576"
    "memorysetup-temp-allocator-size-main=16777216"
    "memorysetup-job-temp-allocator-block-size=2097152"
    "memorysetup-job-temp-allocator-block-size-background=1048576"
    "memorysetup-job-temp-allocator-reduction-small-platforms=262144"
    "memorysetup-temp-allocator-size-background-worker=32768"
    "memorysetup-temp-allocator-size-job-worker=262144"
    "memorysetup-temp-allocator-size-preload-manager=33554432"
    "memorysetup-temp-allocator-size-nav-mesh-worker=65536"
    "memorysetup-temp-allocator-size-audio-worker=65536"
    "memorysetup-temp-allocator-size-cloud-worker=32768"
    "memorysetup-temp-allocator-size-gi-baking-worker=262144"
    "memorysetup-temp-allocator-size-gfx=262144"
Refreshing native plugins compatible for Editor in 91.78 ms, found 3 plugins.
Preloading 0 native plugins for Editor in 0.00 ms.
Initialize engine version: 2021.2.8f1 (d0e5f0a7b06a)
[Subsystems] Discovering subsystems at path C:/Program Files/Unity/Hub/Editor/2021.2.8f1/Editor/Data/Resources/UnitySubsystems
[Subsystems] Discovering subsystems at path C:/Users/alecs/OneDrive/Desktop/Stealth Game Prototype/Assets
GfxDevice: creating device client; threaded=0; jobified=0
Direct3D:
    Version:  Direct3D 11.0 [level 11.1]
    Renderer: NVIDIA GeForce GTX 1660 SUPER (ID=0x21c4)
    Vendor:   NVIDIA
    VRAM:     5992 MB
    Driver:   30.0.15.1215
Initialize mono
Mono path[0] = 'C:/Program Files/Unity/Hub/Editor/2021.2.8f1/Editor/Data/Managed'
Mono path[1] = 'C:/Program Files/Unity/Hub/Editor/2021.2.8f1/Editor/Data/MonoBleedingEdge/lib/mono/unityjit-win32'
Mono config path = 'C:/Program Files/Unity/Hub/Editor/2021.2.8f1/Editor/Data/MonoBleedingEdge/etc'
Using monoOptions --debugger-agent=transport=dt_socket,embedding=1,server=y,suspend=n,address=127.0.0.1:56932
Begin MonoManager ReloadAssembly
Registering precompiled unity dll's ...
Register platform support module: C:/Program Files/Unity/Hub/Editor/2021.2.8f1/Editor/Data/PlaybackEngines/WindowsStandaloneSupport/UnityEditor.WindowsStandalone.Extensions.dll
Registered in 0.016012 seconds.
Native extension for WindowsStandalone target not found
Refreshing native plugins compatible for Editor in 83.24 ms, found 3 plugins.
Preloading 0 native plugins for Editor in 0.00 ms.
Mono: successfully reloaded assembly
- Completed reload, in  0.782 seconds
Domain Reload Profiling:
	ReloadAssembly (782ms)
		BeginReloadAssembly (111ms)
			ExecutionOrderSort (0ms)
			DisableScriptedObjects (0ms)
			BackupInstance (0ms)
			ReleaseScriptingObjects (0ms)
			CreateAndSetChildDomain (1ms)
		EndReloadAssembly (557ms)
			LoadAssemblies (106ms)
			RebuildTransferFunctionScriptingTraits (0ms)
			SetupTypeCache (131ms)
			ReleaseScriptCaches (0ms)
			RebuildScriptCaches (35ms)
			SetupLoadedEditorAssemblies (319ms)
				LogAssemblyErrors (0ms)
				InitializePlatformSupportModulesInManaged (22ms)
				SetLoadedEditorAssemblies (0ms)
				RefreshPlugins (83ms)
				BeforeProcessingInitializeOnLoad (1ms)
				ProcessInitializeOnLoadAttributes (163ms)
				ProcessInitializeOnLoadMethodAttributes (49ms)
				AfterProcessingInitializeOnLoad (0ms)
				EditorAssembliesLoaded (0ms)
			ExecutionOrderSort2 (0ms)
			AwakeInstancesAfterBackupRestoration (0ms)
Platform modules already initialized, skipping
Registering precompiled user dll's ...
Registered in 0.012631 seconds.
Begin MonoManager ReloadAssembly
Symbol file LoadedFromMemory doesn't match image C:\Users\alecs\OneDrive\Desktop\Stealth Game Prototype\Library\PackageCache\com.unity.visualscripting@1.7.6\Editor\VisualScripting.Core\Dependencies\YamlDotNet\Unity.VisualScripting.YamlDotNet.dll
Symbol file LoadedFromMemory doesn't match image C:\Users\alecs\OneDrive\Desktop\Stealth Game Prototype\Library\PackageCache\com.unity.visualscripting@1.7.6\Editor\VisualScripting.Core\Dependencies\DotNetZip\Unity.VisualScripting.IonicZip.dll
Native extension for WindowsStandalone target not found
Refreshing native plugins compatible for Editor in 0.62 ms, found 3 plugins.
Preloading 0 native plugins for Editor in 0.00 ms.
Mono: successfully reloaded assembly
- Completed reload, in  1.384 seconds
Domain Reload Profiling:
	ReloadAssembly (1386ms)
		BeginReloadAssembly (181ms)
			ExecutionOrderSort (0ms)
			DisableScriptedObjects (6ms)
			BackupInstance (0ms)
			ReleaseScriptingObjects (0ms)
			CreateAndSetChildDomain (21ms)
		EndReloadAssembly (1023ms)
			LoadAssemblies (163ms)
			RebuildTransferFunctionScriptingTraits (0ms)
			SetupTypeCache (318ms)
			ReleaseScriptCaches (1ms)
			RebuildScriptCaches (65ms)
			SetupLoadedEditorAssemblies (474ms)
				LogAssemblyErrors (0ms)
				InitializePlatformSupportModulesInManaged (18ms)
				SetLoadedEditorAssemblies (1ms)
				RefreshPlugins (1ms)
				BeforeProcessingInitializeOnLoad (104ms)
				ProcessInitializeOnLoadAttributes (305ms)
				ProcessInitializeOnLoadMethodAttributes (28ms)
				AfterProcessingInitializeOnLoad (17ms)
				EditorAssembliesLoaded (0ms)
			ExecutionOrderSort2 (0ms)
			AwakeInstancesAfterBackupRestoration (7ms)
Platform modules already initialized, skipping
========================================================================
Worker process is ready to serve import requests
Launched and connected shader compiler UnityShaderCompiler.exe after 0.10 seconds
Refreshing native plugins compatible for Editor in 0.55 ms, found 3 plugins.
Preloading 0 native plugins for Editor in 0.00 ms.
Unloading 3381 Unused Serialized files (Serialized files now loaded: 0)
Unloading 40 unused Assets / (182.9 KB). Loaded Objects now: 3848.
Memory consumption went from 123.8 MB to 123.6 MB.
Total: 3.294700 ms (FindLiveObjects: 0.389100 ms CreateObjectMapping: 0.293200 ms MarkObjects: 2.506800 ms  DeleteObjects: 0.104000 ms)

AssetImportParameters requested are different than current active one (requested -> active):
  custom:video-decoder-ogg-theora: a1e56fd34408186e4bbccfd4996cb3dc -> 
  custom:container-muxer-webm: aa71ff27fc2769a1b78a27578f13a17b -> 
  custom:container-demuxer-webm: 4f35f7cbe854078d1ac9338744f61a02 -> 
  custom:video-encoder-webm-vp8: eb34c28f22e8b96e1ab97ce403110664 -> 
  custom:audio-encoder-webm-vorbis: bf7c407c2cedff20999df2af8eb42d56 -> 
  custom:framework-win-MediaFoundation: 216162199b28c13a410421893ffa2e32 -> 
  custom:container-demuxer-ogg: 62fdf1f143b41e24485cea50d1cbac27 -> 
  custom:video-decoder-webm-vp8: 9c59270c3fd7afecdb556c50c9e8de78 -> 
  custom:audio-decoder-ogg-vorbis: bf7c407c2cedff20999df2af8eb42d56 -> 
========================================================================
Received Import Request.
  Time since last request: 1323951.272454 seconds.
  path: Assets/rust_coarse_01_nor_gl_4k.exr
  artifactKey: Guid(ad70e46c5de48004d8bef0d9a772ca67) Importer(815301076,1909f56bfc062723c751e8b465ee728b)
Start importing Assets/rust_coarse_01_nor_gl_4k.exr using Guid(ad70e46c5de48004d8bef0d9a772ca67) Importer(815301076,1909f56bfc062723c751e8b465ee728b)  -> (artifact id: 'b2d08daf8d466bb6aea1fdd5f7612c9f') in 0.193760 seconds 
========================================================================
Received Import Request.
  Time since last request: 0.000023 seconds.
  path: Assets/rusty_metal_02_nor_gl_4k.exr
  artifactKey: Guid(2effb5bdb68c44c4fb7277ef0b57fb7a) Importer(815301076,1909f56bfc062723c751e8b465ee728b)
Start importing Assets/rusty_metal_02_nor_gl_4k.exr using Guid(2effb5bdb68c44c4fb7277ef0b57fb7a) Importer(815301076,1909f56bfc062723c751e8b465ee728b)  -> (artifact id: 'e681917865cf4a441e24083980b28954') in 0.022440 seconds 
========================================================================
Received Import Request.
  Time since last request: 0.000032 seconds.
  path: Assets/character.fbx
  artifactKey: Guid(9d89b04e087b4fe4782da9d772843817) Importer(815301076,1909f56bfc062723c751e8b465ee728b)
Start importing Assets/character.fbx using Guid(9d89b04e087b4fe4782da9d772843817) Importer(815301076,1909f56bfc062723c751e8b465ee728b)  -> (artifact id: 'a6c062248bfa2bb893dcf6b4a40ef901') in 0.151017 seconds 
========================================================================
Received Import Request.
  Time since last request: 0.000032 seconds.
  path: Assets/BlowWhistle.fbx
  artifactKey: Guid(edb2ff1a0c02a7b439e9aebfb5de77bd) Importer(815301076,1909f56bfc062723c751e8b465ee728b)
Start importing Assets/BlowWhistle.fbx using Guid(edb2ff1a0c02a7b439e9aebfb5de77bd) Importer(815301076,1909f56bfc062723c751e8b465ee728b)  -> (artifact id: '99140b9bc0c9870f7ab43f31be42a925') in 0.024031 seconds 
========================================================================
Received Import Request.
  Time since last request: 0.000022 seconds.
  path: Assets/ConstructionStructure.fbx
  artifactKey: Guid(db63200608b7c644fab76c679c3cd035) Importer(815301076,1909f56bfc062723c751e8b465ee728b)
Start importing Assets/ConstructionStructure.fbx using Guid(db63200608b7c644fab76c679c3cd035) Importer(815301076,1909f56bfc062723c751e8b465ee728b)  -> (artifact id: '5b8e3e7d1f0a8823d3f12005edbbc80e') in 0.024199 seconds 
========================================================================
Received Import Request.
  Time since last request: 0.000021 seconds.
  path: Assets/rusty_metal_02_rough_4k.jpg
  artifactKey: Guid(ea5a3f9aed9338943b4d79697127b214) Importer(815301076,1909f56bfc062723c751e8b465ee728b)
Start importing Assets/rusty_metal_02_rough_4k.jpg using Guid(ea5a3f9aed9338943b4d79697127b214) Importer(815301076,1909f56bfc062723c751e8b465ee728b)  -> (artifact id: 'c7eef218e3fe856eeecab26058198658') in 0.040321 seconds 
========================================================================
Received Import Request.
  Time since last request: 0.000023 seconds.
  path: Assets/rust_coarse_01_rough_4k.exr
  artifactKey: Guid(974fbc84d10a6c7449ad25d2958865e8) Importer(815301076,1909f56bfc062723c751e8b465ee728b)
Start importing Assets/rust_coarse_01_rough_4k.exr using Guid(974fbc84d10a6c7449ad25d2958865e8) Importer(815301076,1909f56bfc062723c751e8b465ee728b)  -> (artifact id: 'ea322861908ce61e6ad075841a83e0bf') in 0.022800 seconds 
========================================================================
Received Import Request.
  Time since last request: 45.459162 seconds.
  path: Assets/Prefabs/Construction_Structure_Prefab.prefab
  artifactKey: Guid(f7808ffda64aee24eb1eb23f1436a8c0) Importer(815301076,1909f56bfc062723c751e8b465ee728b)
Start importing Assets/Prefabs/Construction_Structure_Prefab.prefab using Guid(f7808ffda64aee24eb1eb23f1436a8c0) Importer(815301076,1909f56bfc062723c751e8b465ee728b)  -> (artifact id: '128a9ed21fcd56f8b01909e09b4d3437') in 0.032031 seconds 
========================================================================
Received Import Request.
  Time since last request: 0.000022 seconds.
  path: Assets/Prefabs/Smoke Switch Machine Prefab.prefab
  artifactKey: Guid(e8e0c1759f11add46b29294dca6b221d) Importer(815301076,1909f56bfc062723c751e8b465ee728b)
Start importing Assets/Prefabs/Smoke Switch Machine Prefab.prefab using Guid(e8e0c1759f11add46b29294dca6b221d) Importer(815301076,1909f56bfc062723c751e8b465ee728b)  -> (artifact id: '3c0d966d1f74be2de9b2daa5cd2fd211') in 0.058977 seconds 
========================================================================
Received Import Request.
  Time since last request: 12.408702 seconds.
  path: Assets/Scenes
  artifactKey: Guid(6ea315d0fd7389c41b19996891e99ae3) Importer(815301076,1909f56bfc062723c751e8b465ee728b)
Start importing Assets/Scenes using Guid(6ea315d0fd7389c41b19996891e99ae3) Importer(815301076,1909f56bfc062723c751e8b465ee728b)  -> (artifact id: 'b8193726cff86800c54781cdc6d54904') in 0.008138 seconds 
========================================================================
Received Import Request.
  Time since last request: 6.629222 seconds.
  path: Assets/Female Basic Locomotion Pack/jump.fbx
  artifactKey: Guid(798a11510769dd841880a83610d5ba5e) Importer(815301076,1909f56bfc062723c751e8b465ee728b)
Start importing Assets/Female Basic Locomotion Pack/jump.fbx using Guid(798a11510769dd841880a83610d5ba5e) Importer(815301076,1909f56bfc062723c751e8b465ee728b)  -> (artifact id: 'd56a44b95edf995b6f01ff13f288682f') in 0.014617 seconds 
========================================================================
Received Import Request.
  Time since last request: 0.000034 seconds.
  path: Assets/Female Basic Locomotion Pack/right strafe walk.fbx
  artifactKey: Guid(e7ed7f5b2e15be4479552f1771db0cb2) Importer(815301076,1909f56bfc062723c751e8b465ee728b)
Start importing Assets/Female Basic Locomotion Pack/right strafe walk.fbx using Guid(e7ed7f5b2e15be4479552f1771db0cb2) Importer(815301076,1909f56bfc062723c751e8b465ee728b)  -> (artifact id: 'a531983d77485b863fdbcd26141a4935') in 0.015988 seconds 
========================================================================
Received Import Request.
  Time since last request: 0.000041 seconds.
  path: Assets/Female Basic Locomotion Pack/left turn (2).fbx
  artifactKey: Guid(8ee22d08072600345ad7925e1f208e7c) Importer(815301076,1909f56bfc062723c751e8b465ee728b)
Start importing Assets/Female Basic Locomotion Pack/left turn (2).fbx using Guid(8ee22d08072600345ad7925e1f208e7c) Importer(815301076,1909f56bfc062723c751e8b465ee728b)  -> (artifact id: 'cdf10e22403f71d47d545848f10f87ec') in 0.018686 seconds 
========================================================================
Received Import Request.
  Time since last request: 0.000022 seconds.
  path: Assets/Female Basic Locomotion Pack/left turn.fbx
  artifactKey: Guid(5a6cd7b34ece3c54a89b34581d6362f1) Importer(815301076,1909f56bfc062723c751e8b465ee728b)
Start importing Assets/Female Basic Locomotion Pack/left turn.fbx using Guid(5a6cd7b34ece3c54a89b34581d6362f1) Importer(815301076,1909f56bfc062723c751e8b465ee728b)  -> (artifact id: '488bb64cfdd54cbfb5e109c8e75e9128') in 0.015816 seconds 
========================================================================
Received Import Request.
  Time since last request: 0.000020 seconds.
  path: Assets/Female Basic Locomotion Pack/right turn.fbx
  artifactKey: Guid(763e687da0d49e34da36fa72b5f36b81) Importer(815301076,1909f56bfc062723c751e8b465ee728b)
Start importing Assets/Female Basic Locomotion Pack/right turn.fbx using Guid(763e687da0d49e34da36fa72b5f36b81) Importer(815301076,1909f56bfc062723c751e8b465ee728b)  -> (artifact id: '5eb7f4955094cd9cb04208607bf26ae6') in 0.017841 seconds 
========================================================================
Received Import Request.
  Time since last request: 0.000024 seconds.
  path: Assets/Female Basic Locomotion Pack/right turn (2).fbx
  artifactKey: Guid(bec1df0dfe4d3ce469812b7423136d9c) Importer(815301076,1909f56bfc062723c751e8b465ee728b)
Start importing Assets/Female Basic Locomotion Pack/right turn (2).fbx using Guid(bec1df0dfe4d3ce469812b7423136d9c) Importer(815301076,1909f56bfc062723c751e8b465ee728b)  -> (artifact id: '65d449ecbdbfcb3b59209dfee49709a5') in 0.017967 seconds 
========================================================================
Received Import Request.
  Time since last request: 0.000032 seconds.
  path: Assets/Female Basic Locomotion Pack/right strafe.fbx
  artifactKey: Guid(7220abfc71667a049a97d0379e0f30ba) Importer(815301076,1909f56bfc062723c751e8b465ee728b)
Start importing Assets/Female Basic Locomotion Pack/right strafe.fbx using Guid(7220abfc71667a049a97d0379e0f30ba) Importer(815301076,1909f56bfc062723c751e8b465ee728b)  -> (artifact id: '7c1501d937b5dc0a95531144e82d5fa6') in 0.017432 seconds 
========================================================================
Received Import Request.
  Time since last request: 27.814080 seconds.
  path: Assets/Scenes/PrototypeLevel.unity
  artifactKey: Guid(74cdc819a0aeb9b4ea925c4ecb75a639) Importer(815301076,1909f56bfc062723c751e8b465ee728b)
Start importing Assets/Scenes/PrototypeLevel.unity using Guid(74cdc819a0aeb9b4ea925c4ecb75a639) Importer(815301076,1909f56bfc062723c751e8b465ee728b)  -> (artifact id: '25fe49225b9b549b8844f5b406f28edb') in 0.007491 seconds 
========================================================================
Received Import Request.
  Time since last request: 20.960263 seconds.
  path: Assets/Scenes/SampleScene.unity
  artifactKey: Guid(9fc0d4010bbf28b4594072e72b8655ab) Importer(815301076,1909f56bfc062723c751e8b465ee728b)
Start importing Assets/Scenes/SampleScene.unity using Guid(9fc0d4010bbf28b4594072e72b8655ab) Importer(815301076,1909f56bfc062723c751e8b465ee728b)  -> (artifact id: '5e44bd2bc3b1639ea1182db68b0ac9d8') in 0.009404 seconds 
========================================================================
Received Import Request.
  Time since last request: 19.549120 seconds.
  path: Assets/Materials/Blow_Whistle_Mat.mat
  artifactKey: Guid(36a08b8ef61ab824d84b0ae7a8452dab) Importer(815301076,1909f56bfc062723c751e8b465ee728b)
Start importing Assets/Materials/Blow_Whistle_Mat.mat using Guid(36a08b8ef61ab824d84b0ae7a8452dab) Importer(815301076,1909f56bfc062723c751e8b465ee728b)  -> (artifact id: '6d79c08f6852a0a4ea759738b940bf0b') in 0.018632 seconds 
========================================================================
Received Import Request.
  Time since last request: 0.000023 seconds.
  path: Assets/Materials/Skybox.mat
  artifactKey: Guid(0f801a28bd55f124cbbfc3a2df091a50) Importer(815301076,1909f56bfc062723c751e8b465ee728b)
Start importing Assets/Materials/Skybox.mat using Guid(0f801a28bd55f124cbbfc3a2df091a50) Importer(815301076,1909f56bfc062723c751e8b465ee728b)  -> (artifact id: 'd0ffc27a188ecc10614cebfbcce20b95') in 0.035147 seconds 
========================================================================
Received Import Request.
  Time since last request: 0.000029 seconds.
  path: Assets/Materials/Skybox 1.mat
  artifactKey: Guid(fd5192a20b23a9f4fae4e46fc40119cc) Importer(815301076,1909f56bfc062723c751e8b465ee728b)
Start importing Assets/Materials/Skybox 1.mat using Guid(fd5192a20b23a9f4fae4e46fc40119cc) Importer(815301076,1909f56bfc062723c751e8b465ee728b)  -> (artifact id: 'e2d0d38fbdf37a095da2d5174b52d5c0') in 0.032377 seconds 
========================================================================
Received Import Request.
  Time since last request: 2.384078 seconds.
  path: Assets/Improved animations/Lola B Styperek@Arm Stretching.fbx
  artifactKey: Guid(d1e52f8e04be7d040a98cbfd0dfd57ec) Importer(815301076,1909f56bfc062723c751e8b465ee728b)
Start importing Assets/Improved animations/Lola B Styperek@Arm Stretching.fbx using Guid(d1e52f8e04be7d040a98cbfd0dfd57ec) Importer(815301076,1909f56bfc062723c751e8b465ee728b)  -> (artifact id: '994616e7b86e84d4acc7bbb8360ed15a') in 0.067589 seconds 
========================================================================
Received Import Request.
  Time since last request: 0.000021 seconds.
  path: Assets/Improved animations/Lola B Styperek@Treadmill Running.fbx
  artifactKey: Guid(f174b44ae2c62d2418c5083b6351436d) Importer(815301076,1909f56bfc062723c751e8b465ee728b)
Start importing Assets/Improved animations/Lola B Styperek@Treadmill Running.fbx using Guid(f174b44ae2c62d2418c5083b6351436d) Importer(815301076,1909f56bfc062723c751e8b465ee728b)  -> (artifact id: '5d90d38efc9ebeaca346f01d71ae43d2') in 0.045774 seconds 
========================================================================
Received Import Request.
  Time since last request: 0.000044 seconds.
  path: Assets/Improved animations/Lola B Styperek@Walking.fbx
  artifactKey: Guid(40ac7088f55c79744bb22cd4032ee3e8) Importer(815301076,1909f56bfc062723c751e8b465ee728b)
Start importing Assets/Improved animations/Lola B Styperek@Walking.fbx using Guid(40ac7088f55c79744bb22cd4032ee3e8) Importer(815301076,1909f56bfc062723c751e8b465ee728b)  -> (artifact id: '91fee609e29e586c8a6c64d36ffff07c') in 0.041645 seconds 
========================================================================
Received Import Request.
  Time since last request: 52.809722 seconds.
  path: Assets/Scenes/PrototypeLevel.unity
  artifactKey: Guid(74cdc819a0aeb9b4ea925c4ecb75a639) Importer(815301076,1909f56bfc062723c751e8b465ee728b)
Start importing Assets/Scenes/PrototypeLevel.unity using Guid(74cdc819a0aeb9b4ea925c4ecb75a639) Importer(815301076,1909f56bfc062723c751e8b465ee728b)  -> (artifact id: 'db59e976302830a8236d63bc062e0b24') in 0.003969 seconds 
========================================================================
Received Import Request.
  Time since last request: 2.358367 seconds.
  path: Assets/Scenes/SampleScene.unity
  artifactKey: Guid(9fc0d4010bbf28b4594072e72b8655ab) Importer(815301076,1909f56bfc062723c751e8b465ee728b)
Start importing Assets/Scenes/SampleScene.unity using Guid(9fc0d4010bbf28b4594072e72b8655ab) Importer(815301076,1909f56bfc062723c751e8b465ee728b)  -> (artifact id: '0220e3297d6aa88f9d0817d58a1c9e32') in 0.004405 seconds 
========================================================================
Received Prepare
Registering precompiled user dll's ...
Registered in 0.012694 seconds.
Begin MonoManager ReloadAssembly
Symbol file LoadedFromMemory doesn't match image C:\Users\alecs\OneDrive\Desktop\Stealth Game Prototype\Library\PackageCache\com.unity.visualscripting@1.7.6\Editor\VisualScripting.Core\Dependencies\YamlDotNet\Unity.VisualScripting.YamlDotNet.dll
Symbol file LoadedFromMemory doesn't match image C:\Users\alecs\OneDrive\Desktop\Stealth Game Prototype\Library\PackageCache\com.unity.visualscripting@1.7.6\Editor\VisualScripting.Core\Dependencies\DotNetZip\Unity.VisualScripting.IonicZip.dll
Native extension for WindowsStandalone target not found
Refreshing native plugins compatible for Editor in 1.02 ms, found 3 plugins.
Preloading 0 native plugins for Editor in 0.00 ms.
Mono: successfully reloaded assembly
- Completed reload, in  1.482 seconds
Domain Reload Profiling:
	ReloadAssembly (1483ms)
		BeginReloadAssembly (194ms)
			ExecutionOrderSort (0ms)
			DisableScriptedObjects (6ms)
			BackupInstance (0ms)
			ReleaseScriptingObjects (0ms)
			CreateAndSetChildDomain (45ms)
		EndReloadAssembly (1157ms)
			LoadAssemblies (131ms)
			RebuildTransferFunctionScriptingTraits (0ms)
			SetupTypeCache (389ms)
			ReleaseScriptCaches (2ms)
			RebuildScriptCaches (61ms)
			SetupLoadedEditorAssemblies (498ms)
				LogAssemblyErrors (0ms)
				InitializePlatformSupportModulesInManaged (19ms)
				SetLoadedEditorAssemblies (1ms)
				RefreshPlugins (1ms)
				BeforeProcessingInitializeOnLoad (106ms)
				ProcessInitializeOnLoadAttributes (317ms)
				ProcessInitializeOnLoadMethodAttributes (32ms)
				AfterProcessingInitializeOnLoad (21ms)
				EditorAssembliesLoaded (0ms)
			ExecutionOrderSort2 (0ms)
			AwakeInstancesAfterBackupRestoration (19ms)
Platform modules already initialized, skipping
Refreshing native plugins compatible for Editor in 0.84 ms, found 3 plugins.
Preloading 0 native plugins for Editor in 0.00 ms.
Unloading 3380 Unused Serialized files (Serialized files now loaded: 0)
Unloading 23 unused Assets / (149.6 KB). Loaded Objects now: 3970.
Memory consumption went from 161.0 MB to 160.9 MB.
Total: 6.734000 ms (FindLiveObjects: 0.544100 ms CreateObjectMapping: 0.329900 ms MarkObjects: 5.730700 ms  DeleteObjects: 0.128000 ms)

AssetImportParameters requested are different than current active one (requested -> active):
  custom:video-decoder-ogg-theora: a1e56fd34408186e4bbccfd4996cb3dc -> 
  custom:container-muxer-webm: aa71ff27fc2769a1b78a27578f13a17b -> 
  custom:container-demuxer-webm: 4f35f7cbe854078d1ac9338744f61a02 -> 
  custom:video-encoder-webm-vp8: eb34c28f22e8b96e1ab97ce403110664 -> 
  custom:audio-encoder-webm-vorbis: bf7c407c2cedff20999df2af8eb42d56 -> 
  custom:framework-win-MediaFoundation: 216162199b28c13a410421893ffa2e32 -> 
  custom:container-demuxer-ogg: 62fdf1f143b41e24485cea50d1cbac27 -> 
  custom:video-decoder-webm-vp8: 9c59270c3fd7afecdb556c50c9e8de78 -> 
  custom:audio-decoder-ogg-vorbis: bf7c407c2cedff20999df2af8eb42d56 -> 
========================================================================
Received Import Request.
  Time since last request: 87.580613 seconds.
  path: Assets/Scenes/PrototypeLevel.unity
  artifactKey: Guid(74cdc819a0aeb9b4ea925c4ecb75a639) Importer(815301076,1909f56bfc062723c751e8b465ee728b)
Start importing Assets/Scenes/PrototypeLevel.unity using Guid(74cdc819a0aeb9b4ea925c4ecb75a639) Importer(815301076,1909f56bfc062723c751e8b465ee728b)  -> (artifact id: 'a83e8b5c57ad9ce5c84768c64a81c111') in 0.021344 seconds 
========================================================================
Received Import Request.
  Time since last request: 16.004378 seconds.
  path: Assets/Scenes/PrototypeLevel.unity
  artifactKey: Guid(74cdc819a0aeb9b4ea925c4ecb75a639) Importer(815301076,1909f56bfc062723c751e8b465ee728b)
Start importing Assets/Scenes/PrototypeLevel.unity using Guid(74cdc819a0aeb9b4ea925c4ecb75a639) Importer(815301076,1909f56bfc062723c751e8b465ee728b)  -> (artifact id: '3f0913b8bd79d46b750debdcede42d6d') in 0.005919 seconds 
========================================================================
Received Import Request.
  Time since last request: 11.069172 seconds.
  path: Assets/Scenes/PrototypeLevel.unity
  artifactKey: Guid(74cdc819a0aeb9b4ea925c4ecb75a639) Importer(815301076,1909f56bfc062723c751e8b465ee728b)
Start importing Assets/Scenes/PrototypeLevel.unity using Guid(74cdc819a0aeb9b4ea925c4ecb75a639) Importer(815301076,1909f56bfc062723c751e8b465ee728b)  -> (artifact id: '95c06b76b569170184601abff5f931a6') in 0.004005 seconds 
========================================================================
Received Prepare
Registering precompiled user dll's ...
Registered in 0.010914 seconds.
Begin MonoManager ReloadAssembly
Symbol file LoadedFromMemory doesn't match image C:\Users\alecs\OneDrive\Desktop\Stealth Game Prototype\Library\PackageCache\com.unity.visualscripting@1.7.6\Editor\VisualScripting.Core\Dependencies\YamlDotNet\Unity.VisualScripting.YamlDotNet.dll
Symbol file LoadedFromMemory doesn't match image C:\Users\alecs\OneDrive\Desktop\Stealth Game Prototype\Library\PackageCache\com.unity.visualscripting@1.7.6\Editor\VisualScripting.Core\Dependencies\DotNetZip\Unity.VisualScripting.IonicZip.dll
Native extension for WindowsStandalone target not found
Refreshing native plugins compatible for Editor in 1.65 ms, found 3 plugins.
Preloading 0 native plugins for Editor in 0.00 ms.
Mono: successfully reloaded assembly
- Completed reload, in  1.455 seconds
Domain Reload Profiling:
	ReloadAssembly (1456ms)
		BeginReloadAssembly (184ms)
			ExecutionOrderSort (0ms)
			DisableScriptedObjects (6ms)
			BackupInstance (0ms)
			ReleaseScriptingObjects (0ms)
			CreateAndSetChildDomain (41ms)
		EndReloadAssembly (1141ms)
			LoadAssemblies (114ms)
			RebuildTransferFunctionScriptingTraits (0ms)
			SetupTypeCache (380ms)
			ReleaseScriptCaches (2ms)
			RebuildScriptCaches (62ms)
			SetupLoadedEditorAssemblies (514ms)
				LogAssemblyErrors (0ms)
				InitializePlatformSupportModulesInManaged (18ms)
				SetLoadedEditorAssemblies (1ms)
				RefreshPlugins (2ms)
				BeforeProcessingInitializeOnLoad (113ms)
				ProcessInitializeOnLoadAttributes (319ms)
				ProcessInitializeOnLoadMethodAttributes (40ms)
				AfterProcessingInitializeOnLoad (22ms)
				EditorAssembliesLoaded (0ms)
			ExecutionOrderSort2 (0ms)
			AwakeInstancesAfterBackupRestoration (22ms)
Platform modules already initialized, skipping
Refreshing native plugins compatible for Editor in 1.31 ms, found 3 plugins.
Preloading 0 native plugins for Editor in 0.00 ms.
Unloading 3375 Unused Serialized files (Serialized files now loaded: 0)
Unloading 23 unused Assets / (149.6 KB). Loaded Objects now: 3984.
Memory consumption went from 160.9 MB to 160.7 MB.
Total: 4.464900 ms (FindLiveObjects: 0.403700 ms CreateObjectMapping: 0.399900 ms MarkObjects: 3.515300 ms  DeleteObjects: 0.139100 ms)

AssetImportParameters requested are different than current active one (requested -> active):
  custom:video-decoder-ogg-theora: a1e56fd34408186e4bbccfd4996cb3dc -> 
  custom:container-muxer-webm: aa71ff27fc2769a1b78a27578f13a17b -> 
  custom:container-demuxer-webm: 4f35f7cbe854078d1ac9338744f61a02 -> 
  custom:video-encoder-webm-vp8: eb34c28f22e8b96e1ab97ce403110664 -> 
  custom:audio-encoder-webm-vorbis: bf7c407c2cedff20999df2af8eb42d56 -> 
  custom:framework-win-MediaFoundation: 216162199b28c13a410421893ffa2e32 -> 
  custom:container-demuxer-ogg: 62fdf1f143b41e24485cea50d1cbac27 -> 
  custom:video-decoder-webm-vp8: 9c59270c3fd7afecdb556c50c9e8de78 -> 
  custom:audio-decoder-ogg-vorbis: bf7c407c2cedff20999df2af8eb42d56 -> 
========================================================================
Received Prepare
Registering precompiled user dll's ...
Registered in 0.010861 seconds.
Begin MonoManager ReloadAssembly
Symbol file LoadedFromMemory doesn't match image C:\Users\alecs\OneDrive\Desktop\Stealth Game Prototype\Library\PackageCache\com.unity.visualscripting@1.7.6\Editor\VisualScripting.Core\Dependencies\YamlDotNet\Unity.VisualScripting.YamlDotNet.dll
Symbol file LoadedFromMemory doesn't match image C:\Users\alecs\OneDrive\Desktop\Stealth Game Prototype\Library\PackageCache\com.unity.visualscripting@1.7.6\Editor\VisualScripting.Core\Dependencies\DotNetZip\Unity.VisualScripting.IonicZip.dll
Native extension for WindowsStandalone target not found
Refreshing native plugins compatible for Editor in 1.29 ms, found 3 plugins.
Preloading 0 native plugins for Editor in 0.00 ms.
Mono: successfully reloaded assembly
- Completed reload, in  1.519 seconds
Domain Reload Profiling:
	ReloadAssembly (1520ms)
		BeginReloadAssembly (188ms)
			ExecutionOrderSort (0ms)
			DisableScriptedObjects (6ms)
			BackupInstance (0ms)
			ReleaseScriptingObjects (0ms)
			CreateAndSetChildDomain (35ms)
		EndReloadAssembly (1176ms)
			LoadAssemblies (131ms)
			RebuildTransferFunctionScriptingTraits (0ms)
			SetupTypeCache (379ms)
			ReleaseScriptCaches (1ms)
			RebuildScriptCaches (67ms)
			SetupLoadedEditorAssemblies (523ms)
				LogAssemblyErrors (0ms)
				InitializePlatformSupportModulesInManaged (24ms)
				SetLoadedEditorAssemblies (1ms)
				RefreshPlugins (1ms)
				BeforeProcessingInitializeOnLoad (122ms)
				ProcessInitializeOnLoadAttributes (317ms)
				ProcessInitializeOnLoadMethodAttributes (37ms)
				AfterProcessingInitializeOnLoad (20ms)
				EditorAssembliesLoaded (0ms)
			ExecutionOrderSort2 (0ms)
			AwakeInstancesAfterBackupRestoration (19ms)
Platform modules already initialized, skipping
Refreshing native plugins compatible for Editor in 1.01 ms, found 3 plugins.
Preloading 0 native plugins for Editor in 0.00 ms.
Unloading 3375 Unused Serialized files (Serialized files now loaded: 0)
Unloading 23 unused Assets / (149.6 KB). Loaded Objects now: 3998.
Memory consumption went from 160.8 MB to 160.6 MB.
Total: 3.761700 ms (FindLiveObjects: 0.345200 ms CreateObjectMapping: 0.297700 ms MarkObjects: 3.010900 ms  DeleteObjects: 0.106100 ms)

AssetImportParameters requested are different than current active one (requested -> active):
  custom:video-decoder-ogg-theora: a1e56fd34408186e4bbccfd4996cb3dc -> 
  custom:container-muxer-webm: aa71ff27fc2769a1b78a27578f13a17b -> 
  custom:container-demuxer-webm: 4f35f7cbe854078d1ac9338744f61a02 -> 
  custom:video-encoder-webm-vp8: eb34c28f22e8b96e1ab97ce403110664 -> 
  custom:audio-encoder-webm-vorbis: bf7c407c2cedff20999df2af8eb42d56 -> 
  custom:framework-win-MediaFoundation: 216162199b28c13a410421893ffa2e32 -> 
  custom:container-demuxer-ogg: 62fdf1f143b41e24485cea50d1cbac27 -> 
  custom:video-decoder-webm-vp8: 9c59270c3fd7afecdb556c50c9e8de78 -> 
  custom:audio-decoder-ogg-vorbis: bf7c407c2cedff20999df2af8eb42d56 -> 
========================================================================
Received Import Request.
  Time since last request: 2173.125388 seconds.
  path: Assets/Scenes/JoshuaScene.unity
  artifactKey: Guid(6495f923ad08e9e4cac2ee4392887615) Importer(815301076,1909f56bfc062723c751e8b465ee728b)
Start importing Assets/Scenes/JoshuaScene.unity using Guid(6495f923ad08e9e4cac2ee4392887615) Importer(815301076,1909f56bfc062723c751e8b465ee728b)  -> (artifact id: 'a3573c2d0ce63b5771741c557c3b9d53') in 0.027414 seconds 
========================================================================
Received Import Request.
  Time since last request: 31.557626 seconds.
  path: Assets/Scenes/PrototypeLevel.unity
  artifactKey: Guid(74cdc819a0aeb9b4ea925c4ecb75a639) Importer(815301076,1909f56bfc062723c751e8b465ee728b)
Start importing Assets/Scenes/PrototypeLevel.unity using Guid(74cdc819a0aeb9b4ea925c4ecb75a639) Importer(815301076,1909f56bfc062723c751e8b465ee728b)  -> (artifact id: 'e7f6b2d6da798b1314822b2ef3a03829') in 0.005430 seconds 
========================================================================
Received Import Request.
  Time since last request: 373.479875 seconds.
  path: Assets/Skybox/back 1.png
  artifactKey: Guid(c6ec99b5ec50d364d8770ac075972f5c) Importer(815301076,1909f56bfc062723c751e8b465ee728b)
Start importing Assets/Skybox/back 1.png using Guid(c6ec99b5ec50d364d8770ac075972f5c) Importer(815301076,1909f56bfc062723c751e8b465ee728b)  -> (artifact id: '0db339e88ce2e97619d036d495c60384') in 0.064979 seconds 
========================================================================
Received Import Request.
  Time since last request: 0.000075 seconds.
  path: Assets/Skybox/front 1.png
  artifactKey: Guid(91036e1b8732e234a97e9a2d064ba5c0) Importer(815301076,1909f56bfc062723c751e8b465ee728b)
Start importing Assets/Skybox/front 1.png using Guid(91036e1b8732e234a97e9a2d064ba5c0) Importer(815301076,1909f56bfc062723c751e8b465ee728b)  -> (artifact id: '601106358db113156db6d775cf15254b') in 0.032012 seconds 
========================================================================
Received Import Request.
  Time since last request: 0.000025 seconds.
  path: Assets/Skybox/front.png
  artifactKey: Guid(0874539908b6773478bda7c446a38843) Importer(815301076,1909f56bfc062723c751e8b465ee728b)
Start importing Assets/Skybox/front.png using Guid(0874539908b6773478bda7c446a38843) Importer(815301076,1909f56bfc062723c751e8b465ee728b)  -> (artifact id: '1d1e72388957a8aeac148986f3ee89ae') in 0.027008 seconds 
========================================================================
Received Import Request.
  Time since last request: 0.000026 seconds.
  path: Assets/Skybox/right.png
  artifactKey: Guid(f140b5c29e60d6645974f47f9eff854b) Importer(815301076,1909f56bfc062723c751e8b465ee728b)
Start importing Assets/Skybox/right.png using Guid(f140b5c29e60d6645974f47f9eff854b) Importer(815301076,1909f56bfc062723c751e8b465ee728b)  -> (artifact id: '723d550d7c94a1d9334dc69c237eb8e0') in 0.025515 seconds 
========================================================================
Received Import Request.
  Time since last request: 0.000031 seconds.
  path: Assets/Skybox/left 1.png
  artifactKey: Guid(de06fd1e288ac374f884d8973fc61c79) Importer(815301076,1909f56bfc062723c751e8b465ee728b)
Start importing Assets/Skybox/left 1.png using Guid(de06fd1e288ac374f884d8973fc61c79) Importer(815301076,1909f56bfc062723c751e8b465ee728b)  -> (artifact id: 'dd35b42f46f1c349059c5384a0bf0dcc') in 0.022924 seconds 
========================================================================
Received Import Request.
  Time since last request: 0.000022 seconds.
  path: Assets/Skybox/left.png
  artifactKey: Guid(346d2458887d30e4089023eabe94f599) Importer(815301076,1909f56bfc062723c751e8b465ee728b)
Start importing Assets/Skybox/left.png using Guid(346d2458887d30e4089023eabe94f599) Importer(815301076,1909f56bfc062723c751e8b465ee728b)  -> (artifact id: 'b04590581dedae2bb07377b060b5dcc7') in 0.028751 seconds 
========================================================================
Received Import Request.
  Time since last request: 3.334342 seconds.
  path: Assets/Scripts/character.fbx
  artifactKey: Guid(4771b0cdaf553ac4dab425ddab383bfa) Importer(815301076,1909f56bfc062723c751e8b465ee728b)
Start importing Assets/Scripts/character.fbx using Guid(4771b0cdaf553ac4dab425ddab383bfa) Importer(815301076,1909f56bfc062723c751e8b465ee728b)  -> (artifact id: 'e5c838ac34f28cbefe9067f90a3dce51') in 0.109833 seconds 
========================================================================
Received Import Request.
  Time since last request: 2.045161 seconds.
  path: Assets/Particle Systems/smoke.png
  artifactKey: Guid(6b2458c93c0e24549a5609e0db5ea56c) Importer(815301076,1909f56bfc062723c751e8b465ee728b)
Start importing Assets/Particle Systems/smoke.png using Guid(6b2458c93c0e24549a5609e0db5ea56c) Importer(815301076,1909f56bfc062723c751e8b465ee728b)  -> (artifact id: 'd6469bb761a58dd3a535002be0e2d1e3') in 0.021031 seconds 
========================================================================
Received Prepare
Registering precompiled user dll's ...
Registered in 0.013830 seconds.
Begin MonoManager ReloadAssembly
Symbol file LoadedFromMemory doesn't match image C:\Users\alecs\OneDrive\Desktop\Stealth Game Prototype\Library\PackageCache\com.unity.visualscripting@1.7.6\Editor\VisualScripting.Core\Dependencies\YamlDotNet\Unity.VisualScripting.YamlDotNet.dll
Symbol file LoadedFromMemory doesn't match image C:\Users\alecs\OneDrive\Desktop\Stealth Game Prototype\Library\PackageCache\com.unity.visualscripting@1.7.6\Editor\VisualScripting.Core\Dependencies\DotNetZip\Unity.VisualScripting.IonicZip.dll
Native extension for WindowsStandalone target not found
Refreshing native plugins compatible for Editor in 2.16 ms, found 3 plugins.
Preloading 0 native plugins for Editor in 0.00 ms.
Mono: successfully reloaded assembly
- Completed reload, in  2.691 seconds
Domain Reload Profiling:
	ReloadAssembly (2692ms)
		BeginReloadAssembly (238ms)
			ExecutionOrderSort (0ms)
			DisableScriptedObjects (8ms)
			BackupInstance (0ms)
			ReleaseScriptingObjects (0ms)
			CreateAndSetChildDomain (79ms)
		EndReloadAssembly (2246ms)
			LoadAssemblies (153ms)
			RebuildTransferFunctionScriptingTraits (0ms)
			SetupTypeCache (844ms)
			ReleaseScriptCaches (3ms)
			RebuildScriptCaches (85ms)
			SetupLoadedEditorAssemblies (999ms)
				LogAssemblyErrors (0ms)
				InitializePlatformSupportModulesInManaged (27ms)
				SetLoadedEditorAssemblies (3ms)
				RefreshPlugins (2ms)
				BeforeProcessingInitializeOnLoad (168ms)
				ProcessInitializeOnLoadAttributes (736ms)
				ProcessInitializeOnLoadMethodAttributes (37ms)
				AfterProcessingInitializeOnLoad (25ms)
				EditorAssembliesLoaded (0ms)
			ExecutionOrderSort2 (0ms)
			AwakeInstancesAfterBackupRestoration (26ms)
Platform modules already initialized, skipping
Refreshing native plugins compatible for Editor in 1.61 ms, found 3 plugins.
Preloading 0 native plugins for Editor in 0.00 ms.
Unloading 3382 Unused Serialized files (Serialized files now loaded: 0)
Unloading 23 unused Assets / (149.7 KB). Loaded Objects now: 4117.
Memory consumption went from 181.4 MB to 181.3 MB.
Total: 10.862000 ms (FindLiveObjects: 0.743100 ms CreateObjectMapping: 1.653700 ms MarkObjects: 8.289400 ms  DeleteObjects: 0.174300 ms)

AssetImportParameters requested are different than current active one (requested -> active):
  custom:video-decoder-ogg-theora: a1e56fd34408186e4bbccfd4996cb3dc -> 
  custom:container-muxer-webm: aa71ff27fc2769a1b78a27578f13a17b -> 
  custom:container-demuxer-webm: 4f35f7cbe854078d1ac9338744f61a02 -> 
  custom:video-encoder-webm-vp8: eb34c28f22e8b96e1ab97ce403110664 -> 
  custom:audio-encoder-webm-vorbis: bf7c407c2cedff20999df2af8eb42d56 -> 
  custom:framework-win-MediaFoundation: 216162199b28c13a410421893ffa2e32 -> 
  custom:container-demuxer-ogg: 62fdf1f143b41e24485cea50d1cbac27 -> 
  custom:video-decoder-webm-vp8: 9c59270c3fd7afecdb556c50c9e8de78 -> 
  custom:audio-decoder-ogg-vorbis: bf7c407c2cedff20999df2af8eb42d56 -> 
========================================================================
Received Import Request.
  Time since last request: 3636.583415 seconds.
  path: Assets/GuardAnimations/Ch15_nonPBR@Jog Forward.fbx
  artifactKey: Guid(6405d743bc536f1498d90cb2e94668c5) Importer(815301076,1909f56bfc062723c751e8b465ee728b)
Start importing Assets/GuardAnimations/Ch15_nonPBR@Jog Forward.fbx using Guid(6405d743bc536f1498d90cb2e94668c5) Importer(815301076,1909f56bfc062723c751e8b465ee728b)  -> (artifact id: '2c50a9e3b531817ff39933dd8c967824') in 0.179195 seconds 
========================================================================
Received Import Request.
  Time since last request: 20.818332 seconds.
  path: Assets/GuardAnimations/Ch15_nonPBR@Jog Forward.fbx
  artifactKey: Guid(6405d743bc536f1498d90cb2e94668c5) Importer(815301076,1909f56bfc062723c751e8b465ee728b)
Start importing Assets/GuardAnimations/Ch15_nonPBR@Jog Forward.fbx using Guid(6405d743bc536f1498d90cb2e94668c5) Importer(815301076,1909f56bfc062723c751e8b465ee728b)  -> (artifact id: '3a3cbfcefee2768efcca60d26b5a055a') in 0.084931 seconds 
========================================================================
Received Import Request.
  Time since last request: 7.003735 seconds.
  path: Assets/GuardAnimations/Ch15_nonPBR@Jog Forward.fbx
  artifactKey: Guid(6405d743bc536f1498d90cb2e94668c5) Importer(815301076,1909f56bfc062723c751e8b465ee728b)
Start importing Assets/GuardAnimations/Ch15_nonPBR@Jog Forward.fbx using Guid(6405d743bc536f1498d90cb2e94668c5) Importer(815301076,1909f56bfc062723c751e8b465ee728b)  -> (artifact id: '8fdb0d1d528b02c9979b6bc5c213fd9d') in 0.069261 seconds 
========================================================================
Received Import Request.
  Time since last request: 52.172424 seconds.
  path: Assets/GuardAnimations/Guard Variant.prefab
  artifactKey: Guid(ff56a966020afbc4d891604fca56bdae) Importer(815301076,1909f56bfc062723c751e8b465ee728b)
Start importing Assets/GuardAnimations/Guard Variant.prefab using Guid(ff56a966020afbc4d891604fca56bdae) Importer(815301076,1909f56bfc062723c751e8b465ee728b)  -> (artifact id: 'd40f29abcf4a3955ec5e9cbe8f49b729') in 0.058580 seconds 
========================================================================
Received Prepare
Registering precompiled user dll's ...
Registered in 0.011948 seconds.
Begin MonoManager ReloadAssembly
Symbol file LoadedFromMemory doesn't match image C:\Users\alecs\OneDrive\Desktop\Stealth Game Prototype\Library\PackageCache\com.unity.visualscripting@1.7.6\Editor\VisualScripting.Core\Dependencies\YamlDotNet\Unity.VisualScripting.YamlDotNet.dll
Symbol file LoadedFromMemory doesn't match image C:\Users\alecs\OneDrive\Desktop\Stealth Game Prototype\Library\PackageCache\com.unity.visualscripting@1.7.6\Editor\VisualScripting.Core\Dependencies\DotNetZip\Unity.VisualScripting.IonicZip.dll
Native extension for WindowsStandalone target not found
Refreshing native plugins compatible for Editor in 1.76 ms, found 3 plugins.
Preloading 0 native plugins for Editor in 0.00 ms.
Mono: successfully reloaded assembly
- Completed reload, in  2.236 seconds
Domain Reload Profiling:
	ReloadAssembly (2237ms)
		BeginReloadAssembly (296ms)
			ExecutionOrderSort (0ms)
			DisableScriptedObjects (11ms)
			BackupInstance (0ms)
			ReleaseScriptingObjects (0ms)
			CreateAndSetChildDomain (79ms)
		EndReloadAssembly (1691ms)
			LoadAssemblies (185ms)
			RebuildTransferFunctionScriptingTraits (0ms)
			SetupTypeCache (554ms)
			ReleaseScriptCaches (3ms)
			RebuildScriptCaches (125ms)
			SetupLoadedEditorAssemblies (672ms)
				LogAssemblyErrors (0ms)
				InitializePlatformSupportModulesInManaged (56ms)
				SetLoadedEditorAssemblies (1ms)
				RefreshPlugins (2ms)
				BeforeProcessingInitializeOnLoad (135ms)
				ProcessInitializeOnLoadAttributes (397ms)
				ProcessInitializeOnLoadMethodAttributes (51ms)
				AfterProcessingInitializeOnLoad (30ms)
				EditorAssembliesLoaded (0ms)
			ExecutionOrderSort2 (0ms)
			AwakeInstancesAfterBackupRestoration (26ms)
Platform modules already initialized, skipping
Refreshing native plugins compatible for Editor in 1.22 ms, found 3 plugins.
Preloading 0 native plugins for Editor in 0.00 ms.
Unloading 3375 Unused Serialized files (Serialized files now loaded: 0)
Unloading 23 unused Assets / (149.7 KB). Loaded Objects now: 4131.
Memory consumption went from 181.3 MB to 181.1 MB.
Total: 8.905300 ms (FindLiveObjects: 1.995100 ms CreateObjectMapping: 1.158000 ms MarkObjects: 5.658800 ms  DeleteObjects: 0.091600 ms)

AssetImportParameters requested are different than current active one (requested -> active):
  custom:video-decoder-ogg-theora: a1e56fd34408186e4bbccfd4996cb3dc -> 
  custom:container-muxer-webm: aa71ff27fc2769a1b78a27578f13a17b -> 
  custom:container-demuxer-webm: 4f35f7cbe854078d1ac9338744f61a02 -> 
  custom:video-encoder-webm-vp8: eb34c28f22e8b96e1ab97ce403110664 -> 
  custom:audio-encoder-webm-vorbis: bf7c407c2cedff20999df2af8eb42d56 -> 
  custom:framework-win-MediaFoundation: 216162199b28c13a410421893ffa2e32 -> 
  custom:container-demuxer-ogg: 62fdf1f143b41e24485cea50d1cbac27 -> 
  custom:video-decoder-webm-vp8: 9c59270c3fd7afecdb556c50c9e8de78 -> 
  custom:audio-decoder-ogg-vorbis: bf7c407c2cedff20999df2af8eb42d56 -> 
